\BOOKMARK [0][-]{chapter.1}{\376\377\000E\000i\000n\000l\000e\000i\000t\000u\000n\000g}{}% 1
\BOOKMARK [1][-]{section.1.1}{\376\377\000W\000a\000r\000u\000m\000\040\000e\000i\000n\000\040\000B\000u\000c\000h\000\040\000\374\000b\000e\000r\000\040\000G\000r\000a\000p\000h\000e\000n\000t\000e\000c\000h\000n\000o\000l\000o\000g\000i\000e\000n\000\040\000i\000n\000\040\000d\000e\000n\000\040\000d\000i\000g\000i\000t\000a\000l\000e\000n\000\040\000G\000e\000i\000s\000t\000e\000s\000w\000i\000s\000s\000e\000n\000s\000c\000h\000a\000f\000t\000e\000n\000?}{chapter.1}% 2
\BOOKMARK [1][-]{section.1.2}{\376\377\000W\000a\000r\000u\000m\000\040\000e\000i\000n\000\040\000B\000u\000c\000h\000\040\000a\000u\000f\000\040\000g\000i\000t\000h\000u\000b\000\040\000?}{chapter.1}% 3
\BOOKMARK [1][-]{section.1.3}{\376\377\000Z\000u\000m\000\040\000A\000u\000f\000b\000a\000u\000\040\000d\000e\000s\000\040\000B\000u\000c\000h\000e\000s}{chapter.1}% 4
\BOOKMARK [0][-]{chapter.2}{\376\377\000W\000a\000s\000\040\000i\000s\000t\000\040\000e\000i\000n\000e\000\040\000G\000r\000a\000p\000h\000d\000a\000t\000e\000n\000b\000a\000n\000k}{}% 5
\BOOKMARK [0][-]{chapter.3}{\376\377\000I\000n\000s\000t\000a\000l\000l\000a\000t\000i\000o\000n\000\040\000u\000n\000d\000\040\000S\000t\000a\000r\000t}{}% 6
\BOOKMARK [0][-]{chapter.4}{\376\377\000D\000a\000s\000\040\000P\000r\000o\000j\000e\000k\000t\000\040\000R\000e\000g\000e\000s\000t\000a\000\040\000I\000m\000p\000e\000r\000i\000i\000\040\000o\000d\000e\000r\000\040\000W\000i\000e\000\040\000s\000u\000c\000h\000e\000n\000\040\000O\000n\000l\000i\000n\000e\000n\000u\000t\000z\000e\000r\000\040\000R\000e\000g\000e\000s\000t\000e\000n}{}% 7
\BOOKMARK [1][-]{section.4.1}{\376\377\000D\000a\000s\000\040\000P\000r\000o\000j\000e\000k\000t\000\040\000R\000e\000g\000e\000s\000t\000a\000\040\000I\000m\000p\000e\000r\000i\000i}{chapter.4}% 8
\BOOKMARK [1][-]{section.4.2}{\376\377\000D\000i\000e\000\040\000D\000i\000g\000i\000t\000a\000l\000i\000s\000i\000e\000r\000u\000n\000g\000\040\000d\000e\000r\000\040\000R\000e\000g\000e\000s\000t\000a\000\040\000I\000m\000p\000e\000r\000i\000i}{chapter.4}% 9
\BOOKMARK [1][-]{section.4.3}{\376\377\000W\000i\000e\000\040\000s\000u\000c\000h\000e\000n\000\040\000O\000n\000l\000i\000n\000e\000-\000N\000u\000t\000z\000e\000r\000\040\000R\000e\000g\000e\000s\000t\000e\000n\000\040\000?}{chapter.4}% 10
\BOOKMARK [1][-]{section.4.4}{\376\377\000H\000i\000s\000t\000o\000r\000i\000s\000c\000h\000e\000\040\000N\000e\000t\000z\000w\000e\000r\000k\000a\000n\000a\000l\000y\000s\000e\000\040\000i\000n\000\040\000d\000e\000n\000\040\000R\000e\000g\000i\000s\000t\000e\000r\000n}{chapter.4}% 11
\BOOKMARK [1][-]{section.4.5}{\376\377\000Z\000u\000s\000a\000m\000m\000e\000n\000f\000a\000s\000s\000u\000n\000g}{chapter.4}% 12
\BOOKMARK [0][-]{chapter.5}{\376\377\000R\000e\000g\000e\000s\000t\000e\000n\000m\000o\000d\000e\000l\000l\000i\000e\000r\000u\000n\000g\000\040\000i\000m\000\040\000G\000r\000a\000p\000h\000e\000n}{}% 13
\BOOKMARK [1][-]{section.5.1}{\376\377\000W\000i\000e\000\040\000k\000o\000m\000m\000e\000n\000\040\000d\000i\000e\000\040\000R\000e\000g\000e\000s\000t\000e\000n\000\040\000i\000n\000\040\000d\000e\000n\000\040\000G\000r\000a\000p\000h\000e\000n}{chapter.5}% 14
\BOOKMARK [2][-]{subsection.5.1.1}{\376\377\000I\000m\000p\000o\000r\000t\000\040\000m\000i\000t\000\040\000d\000e\000m\000\040\000L\000O\000A\000D\000\040\000C\000S\000V\000-\000B\000e\000f\000e\000h\000l}{section.5.1}% 15
\BOOKMARK [2][-]{subsection.5.1.2}{\376\377\000G\000o\000o\000g\000l\000e\000-\000D\000o\000c\000s\000\040\000f\000\374\000r\000\040\000d\000e\000n\000\040\000C\000S\000V\000-\000D\000o\000w\000n\000l\000o\000a\000d}{section.5.1}% 16
\BOOKMARK [2][-]{subsection.5.1.3}{\376\377\000R\000e\000g\000e\000s\000t\000e\000n\000m\000o\000d\000e\000l\000l\000i\000e\000r\000u\000n\000g\000\040\000i\000m\000\040\000G\000r\000a\000p\000h\000e\000n}{section.5.1}% 17
\BOOKMARK [2][-]{subsection.5.1.4}{\376\377\000I\000n\000d\000e\000x\000e\000\040\000E\000r\000s\000t\000e\000l\000l\000e\000n}{section.5.1}% 18
\BOOKMARK [2][-]{subsection.5.1.5}{\376\377\000E\000r\000s\000t\000e\000l\000l\000e\000n\000\040\000d\000e\000r\000\040\000R\000e\000g\000e\000s\000t\000e\000n\000k\000n\000o\000t\000e\000n}{section.5.1}% 19
\BOOKMARK [2][-]{subsection.5.1.6}{\376\377\000E\000r\000s\000t\000e\000l\000l\000e\000n\000\040\000d\000e\000r\000\040\000A\000u\000s\000s\000t\000e\000l\000l\000u\000n\000g\000s\000o\000r\000t\000e}{section.5.1}% 20
\BOOKMARK [1][-]{section.5.2}{\376\377\000H\000e\000r\000r\000s\000c\000h\000e\000r\000h\000a\000n\000d\000e\000l\000n\000\040\000i\000n\000\040\000d\000e\000n\000\040\000R\000e\000g\000e\000s\000t\000a\000\040\000I\000m\000p\000e\000r\000i\000i}{chapter.5}% 21
\BOOKMARK [1][-]{section.5.3}{\376\377\000Z\000i\000t\000a\000t\000i\000o\000n\000s\000n\000e\000t\000z\000w\000e\000r\000k\000e\000\040\000i\000n\000\040\000d\000e\000n\000\040\000R\000e\000g\000e\000s\000t\000a\000\040\000I\000m\000p\000e\000r\000i\000i}{chapter.5}% 22
\BOOKMARK [1][-]{section.5.4}{\376\377\000I\000m\000p\000o\000r\000t\000\040\000d\000e\000r\000\040\000R\000e\000g\000i\000s\000t\000e\000r\000d\000a\000t\000e\000n\000\040\000i\000n\000\040\000d\000i\000e\000\040\000G\000r\000a\000p\000h\000d\000a\000t\000e\000n\000b\000a\000n\000k}{chapter.5}% 23
\BOOKMARK [2][-]{subsection.5.4.1}{\376\377\000V\000o\000r\000b\000e\000r\000e\000i\000t\000u\000n\000g\000\040\000d\000e\000r\000\040\000R\000e\000g\000i\000s\000t\000e\000r\000d\000a\000t\000e\000n}{section.5.4}% 24
\BOOKMARK [2][-]{subsection.5.4.2}{\376\377\000I\000m\000p\000o\000r\000t\000\040\000d\000e\000r\000\040\000R\000e\000g\000i\000s\000t\000e\000r\000d\000a\000t\000e\000n\000\040\000i\000n\000\040\000d\000i\000e\000\040\000G\000r\000a\000p\000h\000d\000a\000t\000e\000n\000b\000a\000n\000k}{section.5.4}% 25
\BOOKMARK [2][-]{subsection.5.4.3}{\376\377\000D\000i\000e\000\040\000H\000i\000e\000r\000a\000r\000c\000h\000i\000e\000\040\000d\000e\000s\000\040\000R\000e\000g\000i\000s\000t\000e\000r\000s\000\040\000d\000e\000r\000\040\000R\000e\000g\000e\000s\000t\000e\000n\000\040\000K\000a\000i\000s\000e\000r\000\040\000F\000r\000i\000e\000d\000r\000i\000c\000h\000s\000\040\000I\000I\000I\000.}{section.5.4}% 26
\BOOKMARK [1][-]{section.5.5}{\376\377\000A\000u\000s\000w\000e\000r\000t\000u\000n\000g\000s\000p\000e\000r\000s\000p\000e\000k\000t\000i\000v\000e\000n}{chapter.5}% 27
\BOOKMARK [2][-]{subsection.5.5.1}{\376\377\000P\000e\000r\000s\000o\000n\000e\000n\000n\000e\000t\000z\000w\000e\000r\000k\000e\000\040\000i\000n\000\040\000d\000e\000n\000\040\000R\000e\000g\000i\000s\000t\000e\000r\000n}{section.5.5}% 28
\BOOKMARK [2][-]{subsection.5.5.2}{\376\377\000H\000e\000r\000r\000s\000c\000h\000e\000r\000h\000a\000n\000d\000e\000l\000n\000\040\000a\000u\000s\000g\000e\000z\000\344\000h\000l\000t}{section.5.5}% 29
\BOOKMARK [2][-]{subsection.5.5.3}{\376\377\000H\000e\000r\000r\000s\000c\000h\000e\000r\000h\000a\000n\000d\000e\000l\000n\000\040\000p\000r\000o\000\040\000A\000u\000s\000s\000t\000e\000l\000l\000u\000n\000g\000s\000o\000r\000t\000\040\000a\000u\000s\000g\000e\000z\000\344\000h\000l\000t}{section.5.5}% 30
\BOOKMARK [2][-]{subsection.5.5.4}{\376\377\000H\000e\000r\000r\000s\000c\000h\000e\000r\000h\000a\000n\000d\000e\000l\000n\000\040\000u\000n\000d\000\040\000A\000n\000w\000e\000s\000e\000n\000h\000e\000i\000t}{section.5.5}% 31
\BOOKMARK [2][-]{subsection.5.5.5}{\376\377\000R\000e\000g\000e\000s\000t\000e\000n\000\040\0002\0000\0000\000\040\000k\000m\000\040\000r\000u\000n\000d\000\040\000u\000m\000\040\000A\000u\000g\000s\000b\000u\000r\000g}{section.5.5}% 32
\BOOKMARK [2][-]{subsection.5.5.6}{\376\377\000W\000e\000l\000c\000h\000e\000\040\000L\000i\000t\000e\000r\000a\000t\000u\000r\000\040\000w\000i\000r\000d\000\040\000a\000m\000\040\000m\000e\000i\000s\000t\000e\000n\000\040\000z\000i\000t\000i\000e\000r\000t}{section.5.5}% 33
\BOOKMARK [2][-]{subsection.5.5.7}{\376\377\000D\000e\000r\000\040\000I\000m\000p\000o\000r\000t\000\040\000z\000u\000s\000a\000m\000m\000e\000n\000g\000e\000f\000a\000s\000s\000t}{section.5.5}% 34
\BOOKMARK [1][-]{section.5.6}{\376\377\000Z\000u\000s\000a\000m\000m\000e\000n\000f\000a\000s\000s\000u\000n\000g}{chapter.5}% 35
\BOOKMARK [0][-]{chapter.6}{\376\377\000I\000m\000p\000o\000r\000t\000\040\000v\000o\000n\000\040\000s\000t\000r\000u\000k\000t\000u\000r\000i\000e\000r\000t\000e\000n\000\040\000X\000M\000L\000-\000D\000a\000t\000e\000n\000\040\000i\000n\000\040\000n\000e\000o\0004\000j}{}% 36
\BOOKMARK [1][-]{section.6.1}{\376\377\000D\000a\000s\000\040\000X\000M\000L\000-\000B\000e\000i\000s\000p\000i\000e\000l}{chapter.6}% 37
\BOOKMARK [1][-]{section.6.2}{\376\377\000K\000n\000o\000t\000e\000n\000t\000y\000p\000e\000n}{chapter.6}% 38
\BOOKMARK [1][-]{section.6.3}{\376\377\000K\000a\000n\000t\000e\000n\000t\000y\000p\000e\000n}{chapter.6}% 39
\BOOKMARK [1][-]{section.6.4}{\376\377\000D\000e\000r\000\040\000I\000m\000p\000o\000r\000t\000\040\000m\000i\000t\000\040\000a\000p\000o\000c\000.\000l\000o\000a\000d\000.\000x\000m\000l}{chapter.6}% 40
\BOOKMARK [0][-]{chapter.7}{\376\377\000V\000e\000r\000w\000a\000n\000d\000t\000s\000c\000h\000a\000f\000t\000\040\000i\000m\000\040\000G\000r\000a\000p\000h\000e\000n}{}% 41
\BOOKMARK [1][-]{section.7.1}{\376\377\000D\000a\000s\000\040\000P\000r\000o\000j\000e\000k\000t\000\040\000N\000o\000m\000e\000n\000\040\000e\000t\000\040\000G\000e\000n\000s}{chapter.7}% 42
\BOOKMARK [1][-]{section.7.2}{\376\377\000N\000o\000m\000e\000n\000\040\000e\000t\000\040\000G\000e\000n\000s\000\040\000i\000m\000\040\000G\000r\000a\000p\000h\000e\000n}{chapter.7}% 43
\BOOKMARK [1][-]{section.7.3}{\376\377\000S\000i\000n\000d\000\040\000B\000e\000r\000c\000h\000a\000r\000\040\000u\000n\000d\000\040\000K\000a\000r\000l\000\040\000d\000e\000r\000\040\000G\000r\000o\000\337\000e\000\040\000v\000e\000r\000w\000a\000n\000d\000t\000\040\000?}{chapter.7}% 44
\BOOKMARK [1][-]{section.7.4}{\376\377\000Z\000u\000s\000a\000m\000m\000e\000n\000f\000a\000s\000s\000u\000n\000g}{chapter.7}% 45
\BOOKMARK [0][-]{chapter.8}{\376\377\000D\000a\000s\000\040\000D\000T\000A\000\040\000i\000m\000\040\000G\000r\000a\000p\000h\000e\000n}{}% 46
\BOOKMARK [1][-]{section.8.1}{\376\377\000D\000i\000e\000\040\000D\000o\000w\000n\000l\000o\000a\000d\000f\000o\000r\000m\000a\000t\000e\000\040\000d\000e\000s\000\040\000D\000T\000A}{chapter.8}% 47
\BOOKMARK [1][-]{section.8.2}{\376\377\000V\000o\000r\000b\000e\000r\000e\000i\000t\000u\000n\000g\000e\000n}{chapter.8}% 48
\BOOKMARK [1][-]{section.8.3}{\376\377\000I\000m\000p\000o\000r\000t\000\040\000d\000e\000s\000\040\000T\000C\000F\000-\000F\000o\000r\000m\000a\000t\000s}{chapter.8}% 49
\BOOKMARK [2][-]{subsection.8.3.1}{\376\377\000T\000o\000k\000e\000n\000i\000m\000p\000o\000r\000t}{section.8.3}% 50
\BOOKMARK [2][-]{subsection.8.3.2}{\376\377\000S\000a\000t\000z\000s\000t\000r\000u\000k\000t\000u\000r\000e\000n}{section.8.3}% 51
\BOOKMARK [2][-]{subsection.8.3.3}{\376\377\000L\000e\000m\000m\000a\000i\000m\000p\000o\000r\000t}{section.8.3}% 52
\BOOKMARK [2][-]{subsection.8.3.4}{\376\377\000B\000e\000i\000s\000p\000i\000e\000l\000a\000b\000f\000r\000a\000g\000e}{section.8.3}% 53
\BOOKMARK [1][-]{section.8.4}{\376\377\000I\000m\000p\000o\000r\000t\000\040\000d\000e\000r\000\040\000T\000E\000I\000P\0005\000-\000F\000a\000s\000s\000u\000n\000g}{chapter.8}% 54
\BOOKMARK [1][-]{section.8.5}{\376\377\000Z\000u\000s\000a\000m\000m\000e\000n\000f\000a\000s\000s\000u\000n\000g}{chapter.8}% 55
\BOOKMARK [0][-]{chapter.9}{\376\377\000T\000e\000x\000t\000m\000o\000d\000e\000l\000l\000e\000\040\000i\000m\000\040\000G\000r\000a\000p\000h\000e\000n}{}% 56
\BOOKMARK [1][-]{section.9.1}{\376\377\000T\000e\000x\000t\000\040\000a\000l\000s\000\040\000G\000r\000a\000p\000h}{chapter.9}% 57
\BOOKMARK [2][-]{subsection.9.1.1}{\376\377\000X\000M\000L\000-\000D\000a\000t\000e\000i\000e\000n\000\040\000a\000l\000s\000\040\000K\000e\000t\000t\000e\000n\000\040\000v\000o\000n\000\040\000Z\000e\000i\000c\000h\000e\000n}{section.9.1}% 58
\BOOKMARK [2][-]{subsection.9.1.2}{\376\377\000M\000o\000d\000e\000l\000l\000i\000e\000r\000u\000n\000g\000s\000\374\000b\000e\000r\000l\000e\000g\000u\000n\000g\000e\000n}{section.9.1}% 59
\BOOKMARK [1][-]{section.9.2}{\376\377\000T\000e\000c\000h\000n\000i\000s\000c\000h\000e\000\040\000V\000o\000r\000b\000e\000m\000e\000r\000k\000u\000n\000g\000e\000n}{chapter.9}% 60
\BOOKMARK [2][-]{subsection.9.2.1}{\376\377\000D\000i\000e\000\040\000G\000r\000a\000p\000h\000d\000a\000t\000e\000n\000b\000a\000n\000k\000\040\000n\000e\000o\0004\000j}{section.9.2}% 61
\BOOKMARK [2][-]{subsection.9.2.2}{\376\377\000D\000e\000r\000\040\000n\000e\000o\0004\000j\000-\000X\000M\000L\000-\000I\000m\000p\000o\000r\000t\000e\000r}{section.9.2}% 62
\BOOKMARK [0][-]{chapter.10}{\376\377\000D\000a\000s\000\040\000D\000T\000A\000-\000B\000a\000s\000i\000s\000f\000o\000r\000m\000a\000t\000\040\000i\000m\000\040\000G\000r\000a\000p\000h\000e\000n}{}% 63
\BOOKMARK [1][-]{section.10.1}{\376\377\000S\000t\000r\000u\000k\000t\000u\000r\000e\000n\000\040\000d\000e\000s\000\040\000D\000o\000k\000u\000m\000e\000n\000t\000s}{chapter.10}% 64
\BOOKMARK [2][-]{subsection.10.1.1}{\376\377\000G\000r\000a\000p\000h\000e\000n\000m\000o\000d\000e\000l\000l\000i\000e\000r\000u\000n\000g\000\040\000v\000o\000n\000\040\000Z\000e\000i\000l\000e\000n}{section.10.1}% 65
\BOOKMARK [2][-]{subsection.10.1.2}{\376\377\000Z\000e\000i\000l\000e\000n\000w\000e\000c\000h\000s\000e\000l\000\040\000m\000i\000t\000\040\000W\000o\000r\000t\000t\000r\000e\000n\000n\000u\000n\000g\000e\000n}{section.10.1}% 66
\BOOKMARK [2][-]{subsection.10.1.3}{\376\377\000S\000e\000i\000t\000e\000n\000z\000a\000h\000l\000e\000n\000\040\000u\000n\000d\000\040\000F\000a\000k\000s\000i\000m\000i\000l\000e\000z\000\344\000h\000l\000u\000n\000g}{section.10.1}% 67
\BOOKMARK [2][-]{subsection.10.1.4}{\376\377\000A\000b\000s\000\344\000t\000z\000e}{section.10.1}% 68
\BOOKMARK [2][-]{subsection.10.1.5}{\376\377\000K\000a\000p\000i\000t\000e\000l\000e\000i\000n\000t\000e\000i\000l\000u\000n\000g}{section.10.1}% 69
\BOOKMARK [2][-]{subsection.10.1.6}{\376\377\000Z\000u\000s\000a\000m\000m\000e\000n\000f\000a\000s\000s\000u\000n\000g}{section.10.1}% 70
\BOOKMARK [1][-]{section.10.2}{\376\377\000E\000d\000i\000t\000o\000r\000i\000s\000c\000h\000e\000\040\000E\000i\000n\000g\000r\000i\000f\000f\000e}{chapter.10}% 71
\BOOKMARK [2][-]{subsection.10.2.1}{\376\377\000H\000i\000n\000z\000u\000f\000\374\000g\000u\000n\000g\000e\000n\000\040\000u\000n\000d\000\040\000T\000i\000l\000g\000u\000n\000g\000e\000n}{section.10.2}% 72
\BOOKMARK [2][-]{subsection.10.2.2}{\376\377\000<\000c\000h\000o\000i\000c\000e\000>\000-\000E\000l\000e\000m\000e\000n\000t}{section.10.2}% 73
\BOOKMARK [2][-]{subsection.10.2.3}{\376\377\000<\000s\000i\000c\000>\000\040\000u\000n\000d\000\040\000<\000c\000o\000r\000r\000>\000-\000E\000l\000e\000m\000e\000n\000t\000e}{section.10.2}% 74
\BOOKMARK [0][-]{chapter.11}{\376\377\000A\000n\000h\000a\000n\000g}{}% 75
\BOOKMARK [1][-]{section.11.1}{\376\377\000c\000y\000p\000h\000e\000r\000-\000B\000e\000f\000e\000h\000l\000e\000\040\000f\000\374\000r\000\040\000d\000e\000n\000\040\000I\000m\000p\000o\000r\000t\000\040\000d\000e\000r\000\040\000M\000i\000t\000s\000c\000h\000r\000i\000f\000t\000\040\000v\000o\000n\000\040\000P\000a\000t\000z\000i\000g}{chapter.11}% 76
\BOOKMARK [1][-]{section.11.2}{\376\377\000L\000i\000s\000t\000e\000\040\000a\000l\000l\000e\000r\000\040\000i\000m\000\040\000P\000a\000t\000z\000i\000g\000-\000M\000a\000n\000u\000s\000s\000k\000r\000i\000p\000t\000\040\000v\000o\000r\000k\000o\000m\000m\000e\000n\000d\000e\000n\000\040\000E\000l\000e\000m\000e\000n\000t\000e\000\040\000s\000o\000r\000t\000i\000e\000r\000t\000\040\000n\000a\000c\000h\000\040\000H\000\344\000u\000f\000i\000g\000k\000e\000i\000t}{chapter.11}% 77
\BOOKMARK [1][-]{section.11.3}{\376\377\000W\000e\000i\000t\000e\000r\000e\000\040\000T\000e\000x\000t\000e}{chapter.11}% 78
\BOOKMARK [2][-]{subsection.11.3.1}{\376\377\000D\000o\000k\000u\000m\000e\000n\000t\000\040\000v\000o\000r\000b\000e\000r\000e\000i\000t\000e\000n}{section.11.3}% 79
\BOOKMARK [0][-]{chapter.12}{\376\377\000J\000S\000O\000N\000\040\000I\000m\000p\000o\000r\000t\000\040\000m\000i\000t\000\040\000d\000e\000n\000\040\000D\000a\000t\000e\000n\000\040\000d\000e\000r\000\040\000G\000e\000r\000m\000a\000n\000i\000a\000\040\000S\000a\000c\000r\000a}{}% 80
\BOOKMARK [1][-]{section.12.1}{\376\377\000D\000a\000s\000\040\000P\000r\000o\000j\000e\000k\000t\000\040\000G\000e\000r\000m\000a\000n\000i\000a\000\040\000S\000a\000c\000r\000a}{chapter.12}% 81
\BOOKMARK [1][-]{section.12.2}{\376\377\000G\000e\000r\000m\000a\000n\000i\000a\000\040\000S\000a\000c\000r\000a\000\040\000J\000S\000O\000N}{chapter.12}% 82
\BOOKMARK [2][-]{subsection.12.2.1}{\376\377\000P\000e\000r\000s\000o\000n\000e\000n}{section.12.2}% 83
\BOOKMARK [0][-]{chapter.13}{\376\377\000<\000<\000<\000<\000<\000<\000<\000\040\000H\000E\000A\000D}{}% 84
\BOOKMARK [1][-]{subsection.13.0.1}{\376\377\000K\000l\000\366\000s\000t\000e\000r}{chapter.13}% 85
\BOOKMARK [0][-]{chapter.14}{\376\377\000N\000e\000t\000z\000w\000e\000r\000k\000a\000n\000a\000l\000y\000s\000e\000\040\000m\000i\000t\000\040\000n\000e\000o\0004\000j}{}% 86
\BOOKMARK [1][-]{section.14.1}{\376\377\000G\000r\000u\000n\000d\000l\000a\000g\000e\000n\000\040\000z\000u\000r\000\040\000N\000e\000t\000z\000w\000e\000r\000k\000a\000n\000a\000l\000y\000s\000e}{chapter.14}% 87
\BOOKMARK [2][-]{subsection.14.1.1}{\376\377\000V\000o\000r\000b\000e\000m\000e\000r\000k\000u\000n\000g\000e\000n}{section.14.1}% 88
\BOOKMARK [2][-]{subsection.14.1.2}{\376\377\000\334\000b\000e\000r\000b\000l\000i\000c\000k\000\040\000z\000u\000\040\000d\000e\000n\000\040\000N\000e\000t\000z\000w\000e\000r\000k\000m\000a\000\337\000e\000n}{section.14.1}% 89
\BOOKMARK [2][-]{subsection.14.1.3}{\376\377\000B\000e\000i\000s\000p\000i\000e\000l\000:\000\040\000Z\000e\000n\000t\000r\000a\000l\000i\000t\000\344\000t\000s\000m\000a\000\337\000e}{section.14.1}% 90
\BOOKMARK [1][-]{section.14.2}{\376\377\000D\000i\000e\000\040\000R\000e\000g\000i\000s\000t\000e\000r\000\040\000d\000e\000r\000\040\000R\000e\000g\000e\000s\000t\000a\000\040\000I\000m\000p\000e\000r\000i\000i}{chapter.14}% 91
\BOOKMARK [1][-]{section.14.3}{\376\377\000V\000o\000r\000b\000e\000r\000e\000i\000t\000u\000n\000g\000\040\000d\000e\000r\000\040\000D\000a\000t\000e\000n\000b\000a\000n\000k}{chapter.14}% 92
\BOOKMARK [1][-]{section.14.4}{\376\377\000E\000x\000p\000l\000o\000r\000a\000t\000i\000v\000e\000\040\000D\000a\000t\000e\000n\000a\000n\000a\000l\000y\000s\000e\000\040\000o\000d\000e\000r\000\040\000w\000a\000s\000\040\000i\000s\000t\000\040\000i\000n\000\040\000d\000e\000r\000\040\000D\000a\000t\000e\000n\000b\000a\000n\000k\000\040\000d\000a\000r\000i\000n}{chapter.14}% 93
\BOOKMARK [1][-]{section.14.5}{\376\377\000Z\000e\000n\000t\000r\000a\000l\000i\000t\000\344\000t\000s\000a\000l\000g\000o\000r\000i\000t\000h\000m\000e\000n\000\040\000i\000n\000\040\000d\000e\000r\000\040\000h\000i\000s\000t\000o\000r\000i\000s\000c\000h\000e\000n\000\040\000N\000e\000t\000z\000w\000e\000r\000k\000a\000n\000a\000l\000y\000s\000e}{chapter.14}% 94
\BOOKMARK [2][-]{subsection.14.5.1}{\376\377\000P\000a\000g\000e\000R\000a\000n\000k}{section.14.5}% 95
\BOOKMARK [2][-]{subsection.14.5.2}{\376\377\000D\000e\000g\000r\000e\000e\000\040\000C\000e\000n\000t\000r\000a\000l\000i\000t\000y}{section.14.5}% 96
\BOOKMARK [2][-]{subsection.14.5.3}{\376\377\000B\000e\000t\000w\000e\000e\000n\000e\000s\000\040\000C\000e\000n\000t\000r\000a\000l\000i\000t\000y}{section.14.5}% 97
\BOOKMARK [2][-]{subsection.14.5.4}{\376\377\000C\000l\000o\000s\000e\000n\000e\000s\000s\000\040\000C\000e\000n\000t\000r\000a\000l\000i\000t\000y}{section.14.5}% 98
\BOOKMARK [1][-]{section.14.6}{\376\377\000C\000o\000m\000m\000u\000n\000i\000t\000y\000\040\000D\000e\000t\000e\000c\000t\000i\000o\000n\000\040\000A\000l\000g\000o\000r\000i\000t\000h\000m\000e\000n}{chapter.14}% 99
\BOOKMARK [2][-]{subsection.14.6.1}{\376\377\000S\000t\000r\000o\000n\000g\000l\000y\000\040\000C\000o\000n\000n\000e\000c\000t\000e\000d\000\040\000C\000o\000m\000p\000o\000n\000e\000n\000t\000s}{section.14.6}% 100
\BOOKMARK [2][-]{subsection.14.6.2}{\376\377\000W\000e\000a\000k\000l\000y\000\040\000C\000o\000n\000n\000e\000c\000t\000e\000d\000\040\000C\000o\000m\000p\000o\000n\000e\000n\000t\000s}{section.14.6}% 101
\BOOKMARK [2][-]{subsection.14.6.3}{\376\377\000L\000a\000b\000e\000l\000\040\000P\000r\000o\000p\000a\000g\000a\000t\000i\000o\000n}{section.14.6}% 102
\BOOKMARK [2][-]{subsection.14.6.4}{\376\377\000L\000o\000u\000v\000a\000i\000n\000\040\000M\000o\000d\000u\000l\000a\000r\000i\000t\000y}{section.14.6}% 103
\BOOKMARK [2][-]{subsection.14.6.5}{\376\377\000T\000r\000i\000a\000n\000g\000l\000e\000\040\000c\000o\000u\000n\000t\000\040\000a\000n\000d\000\040\000C\000l\000u\000s\000t\000e\000r\000i\000n\000g\000\040\000C\000o\000e\000f\000f\000i\000c\000i\000e\000n\000t}{section.14.6}% 104
\BOOKMARK [0][-]{chapter.15}{\376\377\000Z\000u\000s\000a\000m\000m\000e\000n\000f\000a\000s\000s\000u\000n\000g}{}% 105
\BOOKMARK [1][-]{section.15.1}{\376\377\000W\000a\000r\000u\000m\000\040\000e\000i\000n\000\040\000B\000u\000c\000h\000\040\000\374\000b\000e\000r\000\040\000G\000r\000a\000p\000h\000e\000n\000t\000e\000c\000h\000n\000o\000l\000o\000g\000i\000e\000n\000\040\000i\000n\000\040\000d\000e\000n\000\040\000d\000i\000g\000i\000t\000a\000l\000e\000n\000\040\000G\000e\000i\000s\000t\000e\000s\000w\000i\000s\000s\000e\000n\000s\000c\000h\000a\000f\000t\000e\000n\000?}{chapter.15}% 106
\BOOKMARK [0][-]{chapter.16}{\376\377\000A\000n\000h\000a\000n\000g}{}% 107
\BOOKMARK [1][-]{section.16.1}{\376\377\000c\000y\000p\000h\000e\000r\000-\000D\000o\000k\000u\000m\000e\000n\000t\000a\000t\000i\000o\000n}{chapter.16}% 108
\BOOKMARK [1][-]{section.16.2}{\376\377\000A\000n\000a\000l\000y\000s\000e\000\040\000d\000e\000r\000\040\000G\000r\000a\000p\000h\000d\000a\000t\000e\000n}{chapter.16}% 109
\BOOKMARK [2][-]{subsection.16.2.1}{\376\377\000W\000e\000l\000c\000h\000e\000\040\000u\000n\000d\000\040\000j\000e\000w\000e\000i\000l\000s\000\040\000w\000i\000e\000v\000i\000e\000l\000e\000\040\000K\000n\000o\000t\000e\000n\000\040\000e\000n\000t\000h\000\344\000l\000t\000\040\000d\000i\000e\000\040\000D\000a\000t\000e\000n\000b\000a\000n\000k}{section.16.2}% 110
\BOOKMARK [2][-]{subsection.16.2.2}{\376\377\000W\000e\000l\000c\000h\000e\000\040\000V\000e\000r\000k\000n\000\374\000p\000f\000u\000n\000g\000e\000n\000\040\000g\000i\000b\000t\000\040\000e\000s\000\040\000i\000n\000\040\000d\000e\000r\000\040\000D\000a\000t\000e\000n\000b\000a\000n\000k\000\040\000u\000n\000d\000\040\000w\000i\000e\000\040\000h\000\344\000u\000f\000i\000g\000\040\000s\000i\000n\000d\000\040\000s\000i\000e}{section.16.2}% 111
\BOOKMARK [2][-]{subsection.16.2.3}{\376\377\000W\000e\000l\000c\000h\000e\000\040\000K\000n\000o\000t\000e\000n\000\040\000h\000a\000b\000e\000n\000\040\000k\000e\000i\000n\000e\000\040\000K\000a\000n\000t\000e\000n}{section.16.2}% 112
\BOOKMARK [1][-]{section.16.3}{\376\377\000W\000e\000i\000t\000e\000r\000e\000\040\000L\000a\000b\000e\000l\000s\000\040\000f\000\374\000r\000\040\000e\000i\000n\000e\000n\000\040\000K\000n\000o\000t\000e\000n}{chapter.16}% 113
\BOOKMARK [1][-]{section.16.4}{\376\377\000C\000S\000V\000-\000F\000e\000l\000d\000\040\000e\000n\000t\000h\000\344\000l\000t\000\040\000m\000e\000h\000r\000e\000r\000e\000\040\000W\000e\000r\000t\000e}{chapter.16}% 114
\BOOKMARK [1][-]{section.16.5}{\376\377\000R\000e\000g\000l\000u\000\344\000r\000e\000\040\000A\000u\000s\000d\000r\000\374\000c\000k\000e}{chapter.16}% 115
\BOOKMARK [1][-]{section.16.6}{\376\377\000V\000o\000r\000k\000o\000m\000m\000e\000n\000d\000e\000\040\000W\000\366\000r\000t\000e\000r\000\040\000i\000n\000\040\000e\000i\000n\000e\000r\000\040\000T\000e\000x\000t\000p\000r\000o\000p\000e\000r\000t\000y\000\040\000z\000\344\000h\000l\000e\000n}{chapter.16}% 116
\BOOKMARK [1][-]{section.16.7}{\376\377\000M\000E\000R\000G\000E\000\040\000s\000c\000h\000l\000\344\000g\000t\000\040\000f\000e\000h\000l\000\040\000d\000a\000\040\000e\000i\000n\000e\000\040\000P\000r\000o\000p\000e\000r\000t\000y\000\040\000N\000U\000L\000L\000\040\000i\000s\000t}{chapter.16}% 117
\BOOKMARK [1][-]{section.16.8}{\376\377\000K\000n\000o\000t\000e\000n\000\040\000h\000a\000t\000\040\000b\000e\000s\000t\000i\000m\000m\000t\000e\000\040\000K\000a\000n\000t\000e\000\040\000n\000i\000c\000h\000t}{chapter.16}% 118
\BOOKMARK [1][-]{section.16.9}{\376\377\000H\000\344\000u\000f\000i\000g\000k\000e\000i\000t\000\040\000v\000o\000n\000\040\000W\000o\000r\000t\000k\000e\000t\000t\000e\000n}{chapter.16}% 119
\BOOKMARK [1][-]{section.16.10}{\376\377\000D\000e\000r\000\040\000W\000I\000T\000H\000-\000B\000e\000f\000e\000h\000l}{chapter.16}% 120
\BOOKMARK [1][-]{section.16.11}{\376\377\000D\000i\000e\000\040\000A\000p\000o\000c\000-\000B\000i\000b\000l\000i\000o\000t\000h\000e\000k}{chapter.16}% 121
\BOOKMARK [2][-]{subsection.16.11.1}{\376\377\000I\000n\000s\000t\000a\000l\000l\000a\000t\000i\000o\000n\000\040\000i\000n\000\040\000n\000e\000o\0004\000j}{section.16.11}% 122
\BOOKMARK [2][-]{subsection.16.11.2}{\376\377\000I\000n\000s\000t\000a\000l\000l\000a\000t\000i\000o\000n\000\040\000u\000n\000t\000e\000r\000\040\000n\000e\000o\0004\000j\000-\000D\000e\000s\000k\000t\000o\000p}{section.16.11}% 123
\BOOKMARK [2][-]{subsection.16.11.3}{\376\377\000L\000i\000s\000t\000e\000\040\000a\000l\000l\000e\000r\000\040\000F\000u\000n\000k\000t\000i\000o\000n\000e\000n}{section.16.11}% 124
\BOOKMARK [2][-]{subsection.16.11.4}{\376\377\000D\000o\000k\000u\000m\000e\000n\000t\000a\000t\000i\000o\000n\000\040\000a\000l\000l\000e\000r\000\040\000F\000u\000n\000k\000t\000i\000o\000n\000e\000n}{section.16.11}% 125
\BOOKMARK [1][-]{section.16.12}{\376\377\000a\000p\000o\000c\000.\000x\000m\000l\000.\000i\000m\000p\000o\000r\000t}{chapter.16}% 126
\BOOKMARK [1][-]{section.16.13}{\376\377\000\050\000a\000p\000o\000c\000.\000l\000o\000a\000d\000.\000j\000s\000o\000n\000\051}{chapter.16}% 127
