\BOOKMARK [1][-]{section.1}{\376\377\000E\000i\000n\000l\000e\000i\000t\000u\000n\000g}{}% 1
\BOOKMARK [2][-]{subsection.1.1}{\376\377\000W\000a\000r\000u\000m\000\040\000e\000i\000n\000\040\000B\000u\000c\000h\000\040\000\374\000b\000e\000r\000\040\000G\000r\000a\000p\000h\000e\000n\000t\000e\000c\000h\000n\000o\000l\000o\000g\000i\000e\000n\000\040\000i\000n\000\040\000d\000e\000n\000\040\000d\000i\000g\000i\000t\000a\000l\000e\000n\000\040\000G\000e\000i\000s\000t\000e\000s\000w\000i\000s\000s\000e\000n\000s\000c\000h\000a\000f\000t\000e\000n\000?}{section.1}% 2
\BOOKMARK [2][-]{subsection.1.2}{\376\377\000W\000a\000r\000u\000m\000\040\000e\000i\000n\000\040\000B\000u\000c\000h\000\040\000a\000u\000f\000\040\000g\000i\000t\000h\000u\000b\000\040\000?}{section.1}% 3
\BOOKMARK [2][-]{subsection.1.3}{\376\377\000Z\000u\000m\000\040\000A\000u\000f\000b\000a\000u\000\040\000d\000e\000s\000\040\000B\000u\000c\000h\000e\000s}{section.1}% 4
\BOOKMARK [2][-]{subsection.1.4}{\376\377\000A\000n\000d\000r\000e\000a\000s\000\040\000K\000u\000c\000z\000e\000r\000a}{section.1}% 5
\BOOKMARK [1][-]{section.2}{\376\377\000E\000i\000n\000f\000\374\000h\000r\000u\000n\000g\000\040\000u\000n\000d\000\040\000T\000h\000e\000o\000r\000i\000e}{}% 6
\BOOKMARK [2][-]{subsection.2.1}{\376\377\000E\000i\000n\000f\000\374\000h\000r\000u\000n\000g\000\040\000z\000u\000\040\000G\000r\000a\000p\000h\000e\000n}{section.2}% 7
\BOOKMARK [2][-]{subsection.2.2}{\376\377\000H\000e\000r\000k\000u\000n\000f\000t\000\040\000u\000n\000d\000\040\000I\000d\000e\000e}{section.2}% 8
\BOOKMARK [2][-]{subsection.2.3}{\376\377\000G\000r\000a\000p\000h\000t\000y\000p\000e\000n\000\040\000u\000n\000d\000\040\000S\000t\000r\000u\000k\000t\000u\000r\000e\000n}{section.2}% 9
\BOOKMARK [3][-]{subsubsection.2.3.1}{\376\377\000G\000r\000a\000p\000h\000\040\000u\000n\000d\000\040\000n\000i\000c\000h\000t\000\040\000G\000r\000a\000p\000h}{subsection.2.3}% 10
\BOOKMARK [3][-]{subsubsection.2.3.2}{\376\377\000L\000a\000b\000e\000l\000e\000d\000\040\000P\000r\000o\000p\000e\000r\000t\000y\000\040\000G\000r\000a\000p\000h}{subsection.2.3}% 11
\BOOKMARK [3][-]{subsubsection.2.3.3}{\376\377\000E\000i\000n\000f\000a\000c\000h\000e\000\040\000G\000r\000a\000p\000h\000t\000y\000p\000e\000n}{subsection.2.3}% 12
\BOOKMARK [3][-]{subsubsection.2.3.4}{\376\377\000V\000e\000r\000b\000u\000n\000d\000e\000n\000e\000\040\000u\000n\000d\000\040\000n\000i\000c\000h\000t\000v\000e\000r\000b\000u\000n\000d\000e\000n\000e\000\040\000G\000r\000a\000p\000h\000e\000n}{subsection.2.3}% 13
\BOOKMARK [3][-]{subsubsection.2.3.5}{\376\377\000G\000e\000w\000i\000c\000h\000t\000e\000t\000e\000\040\000u\000n\000d\000\040\000u\000n\000g\000e\000w\000i\000c\000h\000t\000e\000t\000e\000\040\000G\000r\000a\000p\000h\000e\000n}{subsection.2.3}% 14
\BOOKMARK [3][-]{subsubsection.2.3.6}{\376\377\000G\000e\000r\000i\000c\000h\000t\000e\000t\000e\000\040\000u\000n\000d\000\040\000u\000n\000g\000e\000r\000i\000c\000h\000t\000e\000t\000e\000\040\000G\000r\000a\000p\000h\000e\000n}{subsection.2.3}% 15
\BOOKMARK [2][-]{subsection.2.4}{\376\377\000I\000n\000s\000t\000a\000l\000l\000a\000t\000i\000o\000n\000\040\000u\000n\000d\000\040\000S\000t\000a\000r\000t}{section.2}% 16
\BOOKMARK [2][-]{subsection.2.5}{\376\377\000Z\000u\000s\000a\000m\000m\000e\000n\000f\000a\000s\000s\000u\000n\000g}{section.2}% 17
\BOOKMARK [2][-]{subsection.2.6}{\376\377\000[\000\136\000b\000f\000e\0005\000]\000:\000\040\000V\000g\000l\000.\000\040\000h\000t\000t\000p\000s\000:\000/\000/\000d\000e\000.\000w\000i\000k\000i\000p\000e\000d\000i\000a\000.\000o\000r\000g\000/\000w\000i\000k\000i\000/\000K\000\045\000C\0003\000\045\000B\0006\000n\000i\000g\000s\000b\000e\000r\000g\000e\000r\000\137\000B\000r\000\045\000C\0003\000\045\000B\000C\000c\000k\000e\000n\000p\000r\000o\000b\000l\000e\000m\000.}{section.2}% 18
\BOOKMARK [1][-]{section.3}{\376\377\000D\000a\000s\000\040\000P\000r\000o\000j\000e\000k\000t\000\040\000R\000e\000g\000e\000s\000t\000a\000\040\000I\000m\000p\000e\000r\000i\000i\000\040\000o\000d\000e\000r\000\040\000W\000i\000e\000\040\000s\000u\000c\000h\000e\000n\000\040\000O\000n\000l\000i\000n\000e\000n\000u\000t\000z\000e\000r\000\040\000R\000e\000g\000e\000s\000t\000e\000n}{}% 19
\BOOKMARK [2][-]{subsection.3.1}{\376\377\000D\000a\000s\000\040\000P\000r\000o\000j\000e\000k\000t\000\040\000R\000e\000g\000e\000s\000t\000a\000\040\000I\000m\000p\000e\000r\000i\000i}{section.3}% 20
\BOOKMARK [2][-]{subsection.3.2}{\376\377\000D\000i\000e\000\040\000D\000i\000g\000i\000t\000a\000l\000i\000s\000i\000e\000r\000u\000n\000g\000\040\000d\000e\000r\000\040\000R\000e\000g\000e\000s\000t\000a\000\040\000I\000m\000p\000e\000r\000i\000i}{section.3}% 21
\BOOKMARK [2][-]{subsection.3.3}{\376\377\000W\000i\000e\000\040\000s\000u\000c\000h\000e\000n\000\040\000O\000n\000l\000i\000n\000e\000-\000N\000u\000t\000z\000e\000r\000\040\000R\000e\000g\000e\000s\000t\000e\000n\000\040\000?}{section.3}% 22
\BOOKMARK [2][-]{subsection.3.4}{\376\377\000H\000i\000s\000t\000o\000r\000i\000s\000c\000h\000e\000\040\000N\000e\000t\000z\000w\000e\000r\000k\000a\000n\000a\000l\000y\000s\000e\000\040\000i\000n\000\040\000d\000e\000n\000\040\000R\000e\000g\000i\000s\000t\000e\000r\000n}{section.3}% 23
\BOOKMARK [2][-]{subsection.3.5}{\376\377\000Z\000u\000s\000a\000m\000m\000e\000n\000f\000a\000s\000s\000u\000n\000g}{section.3}% 24
\BOOKMARK [1][-]{section.4}{\376\377\000R\000e\000g\000e\000s\000t\000e\000n\000m\000o\000d\000e\000l\000l\000i\000e\000r\000u\000n\000g\000\040\000i\000m\000\040\000G\000r\000a\000p\000h\000e\000n}{}% 25
\BOOKMARK [2][-]{subsection.4.1}{\376\377\000W\000i\000e\000\040\000k\000o\000m\000m\000e\000n\000\040\000d\000i\000e\000\040\000R\000e\000g\000e\000s\000t\000e\000n\000\040\000i\000n\000\040\000d\000e\000n\000\040\000G\000r\000a\000p\000h\000e\000n}{section.4}% 26
\BOOKMARK [3][-]{subsubsection.4.1.1}{\376\377\000I\000m\000p\000o\000r\000t\000\040\000m\000i\000t\000\040\000d\000e\000m\000\040\000L\000O\000A\000D\000\040\000C\000S\000V\000-\000B\000e\000f\000e\000h\000l}{subsection.4.1}% 27
\BOOKMARK [3][-]{subsubsection.4.1.2}{\376\377\000G\000o\000o\000g\000l\000e\000-\000D\000o\000c\000s\000\040\000f\000\374\000r\000\040\000d\000e\000n\000\040\000C\000S\000V\000-\000D\000o\000w\000n\000l\000o\000a\000d}{subsection.4.1}% 28
\BOOKMARK [3][-]{subsubsection.4.1.3}{\376\377\000R\000e\000g\000e\000s\000t\000e\000n\000m\000o\000d\000e\000l\000l\000i\000e\000r\000u\000n\000g\000\040\000i\000m\000\040\000G\000r\000a\000p\000h\000e\000n}{subsection.4.1}% 29
\BOOKMARK [3][-]{subsubsection.4.1.4}{\376\377\000I\000n\000d\000e\000x\000e\000\040\000E\000r\000s\000t\000e\000l\000l\000e\000n}{subsection.4.1}% 30
\BOOKMARK [3][-]{subsubsection.4.1.5}{\376\377\000E\000r\000s\000t\000e\000l\000l\000e\000n\000\040\000d\000e\000r\000\040\000R\000e\000g\000e\000s\000t\000e\000n\000k\000n\000o\000t\000e\000n}{subsection.4.1}% 31
\BOOKMARK [3][-]{subsubsection.4.1.6}{\376\377\000E\000r\000s\000t\000e\000l\000l\000e\000n\000\040\000d\000e\000r\000\040\000A\000u\000s\000s\000t\000e\000l\000l\000u\000n\000g\000s\000o\000r\000t\000e}{subsection.4.1}% 32
\BOOKMARK [3][-]{subsubsection.4.1.7}{\376\377\000K\000o\000o\000r\000d\000i\000n\000a\000t\000e\000n\000\040\000d\000e\000r\000\040\000A\000u\000s\000s\000t\000e\000l\000l\000u\000n\000g\000s\000o\000r\000t\000e}{subsection.4.1}% 33
\BOOKMARK [3][-]{subsubsection.4.1.8}{\376\377\000A\000u\000s\000s\000t\000e\000l\000l\000u\000n\000g\000s\000d\000a\000t\000u\000m}{subsection.4.1}% 34
\BOOKMARK [2][-]{subsection.4.2}{\376\377\000E\000x\000k\000u\000r\000s\000\040\0001\000:\000\040\000H\000e\000r\000r\000s\000c\000h\000e\000r\000h\000a\000n\000d\000e\000l\000n\000\040\000i\000n\000\040\000d\000e\000n\000\040\000R\000e\000g\000e\000s\000t\000a\000\040\000I\000m\000p\000e\000r\000i\000i}{section.4}% 35
\BOOKMARK [2][-]{subsection.4.3}{\376\377\000Z\000i\000t\000a\000t\000i\000o\000n\000s\000n\000e\000t\000z\000w\000e\000r\000k\000e\000\040\000i\000n\000\040\000d\000e\000n\000\040\000R\000e\000g\000e\000s\000t\000a\000\040\000I\000m\000p\000e\000r\000i\000i}{section.4}% 36
\BOOKMARK [2][-]{subsection.4.4}{\376\377\000I\000m\000p\000o\000r\000t\000\040\000d\000e\000r\000\040\000R\000e\000g\000i\000s\000t\000e\000r\000d\000a\000t\000e\000n\000\040\000i\000n\000\040\000d\000i\000e\000\040\000G\000r\000a\000p\000h\000d\000a\000t\000e\000n\000b\000a\000n\000k}{section.4}% 37
\BOOKMARK [3][-]{subsubsection.4.4.1}{\376\377\000V\000o\000r\000b\000e\000r\000e\000i\000t\000u\000n\000g\000\040\000d\000e\000r\000\040\000R\000e\000g\000i\000s\000t\000e\000r\000d\000a\000t\000e\000n}{subsection.4.4}% 38
\BOOKMARK [3][-]{subsubsection.4.4.2}{\376\377\000I\000m\000p\000o\000r\000t\000\040\000d\000e\000r\000\040\000R\000e\000g\000i\000s\000t\000e\000r\000d\000a\000t\000e\000n\000\040\000i\000n\000\040\000d\000i\000e\000\040\000G\000r\000a\000p\000h\000d\000a\000t\000e\000n\000b\000a\000n\000k}{subsection.4.4}% 39
\BOOKMARK [2][-]{subsection.4.5}{\376\377\000E\000x\000k\000u\000r\000s\000\040\0002\000:\000\040\000D\000i\000e\000\040\000H\000i\000e\000r\000a\000r\000c\000h\000i\000e\000\040\000d\000e\000s\000\040\000R\000e\000g\000i\000s\000t\000e\000r\000s\000\040\000d\000e\000r\000\040\000R\000e\000g\000e\000s\000t\000e\000n\000\040\000K\000a\000i\000s\000e\000r\000\040\000F\000r\000i\000e\000d\000r\000i\000c\000h\000s\000\040\000I\000I\000I\000.}{section.4}% 40
\BOOKMARK [2][-]{subsection.4.6}{\376\377\000A\000u\000s\000w\000e\000r\000t\000u\000n\000g\000s\000p\000e\000r\000s\000p\000e\000k\000t\000i\000v\000e\000n}{section.4}% 41
\BOOKMARK [3][-]{subsubsection.4.6.1}{\376\377\000P\000e\000r\000s\000o\000n\000e\000n\000n\000e\000t\000z\000w\000e\000r\000k\000e\000\040\000i\000n\000\040\000d\000e\000n\000\040\000R\000e\000g\000i\000s\000t\000e\000r\000n}{subsection.4.6}% 42
\BOOKMARK [3][-]{subsubsection.4.6.2}{\376\377\000H\000e\000r\000r\000s\000c\000h\000e\000r\000h\000a\000n\000d\000e\000l\000n\000\040\000a\000u\000s\000g\000e\000z\000\344\000h\000l\000t}{subsection.4.6}% 43
\BOOKMARK [3][-]{subsubsection.4.6.3}{\376\377\000H\000e\000r\000r\000s\000c\000h\000e\000r\000h\000a\000n\000d\000e\000l\000n\000\040\000p\000r\000o\000\040\000A\000u\000s\000s\000t\000e\000l\000l\000u\000n\000g\000s\000o\000r\000t\000\040\000a\000u\000s\000g\000e\000z\000\344\000h\000l\000t}{subsection.4.6}% 44
\BOOKMARK [3][-]{subsubsection.4.6.4}{\376\377\000H\000e\000r\000r\000s\000c\000h\000e\000r\000h\000a\000n\000d\000e\000l\000n\000\040\000u\000n\000d\000\040\000A\000n\000w\000e\000s\000e\000n\000h\000e\000i\000t}{subsection.4.6}% 45
\BOOKMARK [3][-]{subsubsection.4.6.5}{\376\377\000R\000e\000g\000e\000s\000t\000e\000n\000\040\0002\0000\0000\000\040\000k\000m\000\040\000r\000u\000n\000d\000\040\000u\000m\000\040\000A\000u\000g\000s\000b\000u\000r\000g}{subsection.4.6}% 46
\BOOKMARK [3][-]{subsubsection.4.6.6}{\376\377\000W\000e\000l\000c\000h\000e\000\040\000L\000i\000t\000e\000r\000a\000t\000u\000r\000\040\000w\000i\000r\000d\000\040\000a\000m\000\040\000m\000e\000i\000s\000t\000e\000n\000\040\000z\000i\000t\000i\000e\000r\000t}{subsection.4.6}% 47
\BOOKMARK [3][-]{subsubsection.4.6.7}{\376\377\000D\000e\000r\000\040\000I\000m\000p\000o\000r\000t\000\040\000z\000u\000s\000a\000m\000m\000e\000n\000g\000e\000f\000a\000s\000s\000t}{subsection.4.6}% 48
\BOOKMARK [2][-]{subsection.4.7}{\376\377\000Z\000u\000s\000a\000m\000m\000e\000n\000f\000a\000s\000s\000u\000n\000g}{section.4}% 49
\BOOKMARK [2][-]{subsection.4.8}{\376\377\000[\000\136\0002\0009\000b\0000\000]\000:\000\040\000Z\000u\000m\000\040\000T\000r\000e\000e\000t\000a\000g\000g\000e\000r\000\040\000v\000g\000l\000.\000\040\000h\000t\000t\000p\000:\000/\000/\000w\000w\000w\000.\000c\000i\000s\000.\000u\000n\000i\000-\000m\000u\000e\000n\000c\000h\000e\000n\000.\000d\000e\000/\000\176\000s\000c\000h\000m\000i\000d\000/\000t\000o\000o\000l\000s\000/\000T\000r\000e\000e\000T\000a\000g\000g\000e\000r\000/\000.}{section.4}% 50
\BOOKMARK [1][-]{section.5}{\376\377\000I\000m\000p\000o\000r\000t\000\040\000v\000o\000n\000\040\000s\000t\000r\000u\000k\000t\000u\000r\000i\000e\000r\000t\000e\000n\000\040\000X\000M\000L\000-\000D\000a\000t\000e\000n\000\040\000i\000n\000\040\000n\000e\000o\0004\000j}{}% 51
\BOOKMARK [2][-]{subsection.5.1}{\376\377\000D\000a\000s\000\040\000X\000M\000L\000-\000B\000e\000i\000s\000p\000i\000e\000l}{section.5}% 52
\BOOKMARK [2][-]{subsection.5.2}{\376\377\000K\000n\000o\000t\000e\000n\000t\000y\000p\000e\000n}{section.5}% 53
\BOOKMARK [2][-]{subsection.5.3}{\376\377\000K\000a\000n\000t\000e\000n\000t\000y\000p\000e\000n}{section.5}% 54
\BOOKMARK [2][-]{subsection.5.4}{\376\377\000D\000e\000r\000\040\000I\000m\000p\000o\000r\000t\000\040\000m\000i\000t\000\040\000a\000p\000o\000c\000.\000l\000o\000a\000d\000.\000x\000m\000l\000S\000i\000m\000p\000l\000e}{section.5}% 55
\BOOKMARK [2][-]{subsection.5.5}{\376\377\000Z\000u\000s\000a\000m\000m\000e\000n\000f\000a\000s\000s\000u\000n\000g}{section.5}% 56
\BOOKMARK [2][-]{subsection.5.6}{\376\377\000[\000\136\0006\0008\0004\0006\000]\000:\000\040\000D\000i\000e\000\040\000a\000p\000o\000c\000-\000B\000i\000b\000l\000i\000o\000t\000h\000e\000k\000\040\000m\000u\000s\000s\000\040\000n\000a\000c\000h\000\040\000d\000e\000r\000\040\000I\000n\000s\000t\000a\000l\000l\000a\000t\000i\000o\000n\000\040\000v\000o\000n\000\040\000n\000e\000o\0004\000j\000\040\000z\000u\000s\000\344\000t\000z\000l\000i\000c\000h\000\040\000i\000n\000s\000t\000a\000l\000l\000i\000e\000r\000t\000\040\000w\000e\000r\000d\000e\000n\000.\000\040\000N\000\344\000h\000e\000r\000e\000\040\000I\000n\000f\000o\000r\000m\000a\000t\000i\000o\000n\000e\000n\000\040\000f\000i\000n\000d\000e\000n\000\040\000s\000i\000c\000h\000\040\000i\000m\000\040\000A\000n\000h\000a\000n\000g\000\040\000i\000m\000\040\000A\000b\000s\000c\000h\000n\000i\000t\000t\000\040\000z\000u\000r\000\040\000D\000i\000e\000\040\000A\000p\000o\000c\000-\000B\000i\000b\000l\000i\000o\000t\000h\000e\000k\000.}{section.5}% 57
\BOOKMARK [1][-]{section.6}{\376\377\000V\000e\000r\000w\000a\000n\000d\000t\000s\000c\000h\000a\000f\000t\000\040\000i\000m\000\040\000G\000r\000a\000p\000h\000e\000n}{}% 58
\BOOKMARK [2][-]{subsection.6.1}{\376\377\000D\000a\000s\000\040\000P\000r\000o\000j\000e\000k\000t\000\040\000N\000o\000m\000e\000n\000\040\000e\000t\000\040\000G\000e\000n\000s}{section.6}% 59
\BOOKMARK [2][-]{subsection.6.2}{\376\377\000N\000o\000m\000e\000n\000\040\000e\000t\000\040\000G\000e\000n\000s\000\040\000i\000m\000\040\000G\000r\000a\000p\000h\000e\000n}{section.6}% 60
\BOOKMARK [2][-]{subsection.6.3}{\376\377\000S\000i\000n\000d\000\040\000B\000e\000r\000c\000h\000a\000r\000\040\000u\000n\000d\000\040\000K\000a\000r\000l\000\040\000d\000e\000r\000\040\000G\000r\000o\000\337\000e\000\040\000v\000e\000r\000w\000a\000n\000d\000t\000\040\000?}{section.6}% 61
\BOOKMARK [2][-]{subsection.6.4}{\376\377\000Z\000u\000s\000a\000m\000m\000e\000n\000f\000a\000s\000s\000u\000n\000g}{section.6}% 62
\BOOKMARK [2][-]{subsection.6.5}{\376\377\000[\000\136\000c\000c\000a\0007\000]\000:\000\040\000I\000n\000f\000o\000r\000m\000a\000t\000i\000o\000n\000e\000n\000\040\000z\000u\000m\000\040\000P\000r\000o\000j\000e\000k\000t\000\040\040\036\000N\000o\000m\000e\000n\000\040\000e\000t\000\040\000G\000e\000n\000s\000`\000`\000\040\000f\000i\000n\000d\000e\000n\000\040\000S\000i\000e\000\040\000u\000n\000t\000e\000r\000\040\000h\000t\000t\000p\000:\000/\000/\000w\000w\000w\000.\000n\000e\000g\000.\000u\000n\000i\000-\000t\000u\000e\000b\000i\000n\000g\000e\000n\000.\000d\000e\000/\000\040\000\050\000a\000b\000g\000e\000r\000u\000f\000e\000n\000\040\000a\000m\000\040\0001\0000\000.\0000\0008\000.\0002\0000\0001\0008\000\051\000.}{section.6}% 63
\BOOKMARK [1][-]{section.7}{\376\377\000D\000a\000s\000\040\000D\000e\000u\000t\000s\000c\000h\000e\000\040\000T\000e\000x\000t\000a\000r\000c\000h\000i\000v\000\040\000i\000m\000\040\000G\000r\000a\000p\000h\000e\000n}{}% 64
\BOOKMARK [2][-]{subsection.7.1}{\376\377\000D\000a\000s\000\040\000d\000e\000u\000t\000s\000c\000h\000e\000\040\000T\000e\000x\000t\000a\000r\000c\000h\000i\000v}{section.7}% 65
\BOOKMARK [2][-]{subsection.7.2}{\376\377\000D\000i\000e\000\040\000D\000o\000w\000n\000l\000o\000a\000d\000f\000o\000r\000m\000a\000t\000e\000\040\000d\000e\000s\000\040\000D\000T\000A}{section.7}% 66
\BOOKMARK [2][-]{subsection.7.3}{\376\377\000V\000o\000r\000b\000e\000r\000e\000i\000t\000u\000n\000g\000e\000n}{section.7}% 67
\BOOKMARK [2][-]{subsection.7.4}{\376\377\000I\000m\000p\000o\000r\000t\000\040\000d\000e\000s\000\040\000T\000C\000F\000-\000F\000o\000r\000m\000a\000t\000s}{section.7}% 68
\BOOKMARK [3][-]{subsubsection.7.4.1}{\376\377\000T\000o\000k\000e\000n\000i\000m\000p\000o\000r\000t}{subsection.7.4}% 69
\BOOKMARK [3][-]{subsubsection.7.4.2}{\376\377\000S\000a\000t\000z\000s\000t\000r\000u\000k\000t\000u\000r\000e\000n}{subsection.7.4}% 70
\BOOKMARK [3][-]{subsubsection.7.4.3}{\376\377\000L\000e\000m\000m\000a\000i\000m\000p\000o\000r\000t}{subsection.7.4}% 71
\BOOKMARK [3][-]{subsubsection.7.4.4}{\376\377\000B\000e\000i\000s\000p\000i\000e\000l\000a\000b\000f\000r\000a\000g\000e}{subsection.7.4}% 72
\BOOKMARK [2][-]{subsection.7.5}{\376\377\000I\000m\000p\000o\000r\000t\000\040\000d\000e\000r\000\040\000T\000E\000I\000P\0005\000-\000F\000a\000s\000s\000u\000n\000g}{section.7}% 73
\BOOKMARK [2][-]{subsection.7.6}{\376\377\000Z\000u\000s\000a\000m\000m\000e\000n\000f\000a\000s\000s\000u\000n\000g}{section.7}% 74
\BOOKMARK [2][-]{subsection.7.7}{\376\377\000[\000\136\000f\0003\0003\0002\000]\000:\000\040\000V\000g\000l\000.\000\040\000z\000u\000\040\000d\000i\000e\000s\000e\000m\000\040\000B\000e\000i\000s\000p\000i\000e\000l\000\040\000h\000t\000t\000p\000:\000/\000/\000d\000e\000u\000t\000s\000c\000h\000e\000s\000t\000e\000x\000t\000a\000r\000c\000h\000i\000v\000.\000d\000e\000/\000b\000o\000o\000k\000/\000v\000i\000e\000w\000/\000g\000o\000e\000t\000h\000e\000\137\000f\000a\000u\000s\000t\0000\0001\000\137\0001\0008\0000\0008\000?\000p\000=\0001\0001\000.}{section.7}% 75
\BOOKMARK [1][-]{section.8}{\376\377\000G\000r\000a\000p\000h\000-\000R\000e\000f\000a\000c\000t\000o\000r\000i\000n\000g\000\040\000m\000i\000t\000\040\000D\000T\000A\000-\000X\000M\000L}{}% 76
\BOOKMARK [2][-]{subsection.8.1}{\376\377\000M\000o\000d\000e\000l\000l\000i\000e\000r\000u\000n\000g\000s\000\374\000b\000e\000r\000l\000e\000g\000u\000n\000g\000e\000n}{section.8}% 77
\BOOKMARK [2][-]{subsection.8.2}{\376\377\000G\000r\000a\000n\000u\000l\000a\000r\000i\000t\000\344\000t\000\040\000d\000e\000s\000\040\000M\000o\000d\000e\000l\000l\000s\000\040\040\023\000\040\000W\000a\000s\000\040\000i\000s\000t\000\040\000e\000i\000n\000\040\000T\000o\000k\000e\000n\000\040\000?}{section.8}% 78
\BOOKMARK [2][-]{subsection.8.3}{\376\377\000I\000m\000p\000o\000r\000t\000\040\000d\000e\000r\000\040\000D\000T\000A\000-\000X\000M\000L\000-\000D\000a\000t\000e\000n}{section.8}% 79
\BOOKMARK [2][-]{subsection.8.4}{\376\377\000E\000r\000l\000\344\000u\000t\000e\000r\000u\000n\000g\000\040\000d\000e\000r\000\040\000e\000n\000t\000s\000t\000a\000n\000d\000e\000n\000e\000n\000\040\000G\000r\000a\000p\000h\000s\000t\000r\000u\000k\000t\000u\000r\000e\000n}{section.8}% 80
\BOOKMARK [2][-]{subsection.8.5}{\376\377\000D\000a\000s\000\040\000D\000T\000A\000-\000B\000a\000s\000i\000s\000f\000o\000r\000m\000a\000t\000\040\000i\000m\000\040\000G\000r\000a\000p\000h\000e\000n}{section.8}% 81
\BOOKMARK [2][-]{subsection.8.6}{\376\377\000L\000a\000y\000o\000u\000t\000s\000t\000r\000u\000k\000t\000u\000r\000e\000n\000\040\000d\000e\000s\000\040\000D\000o\000k\000u\000m\000e\000n\000t\000s}{section.8}% 82
\BOOKMARK [3][-]{subsubsection.8.6.1}{\376\377\000G\000r\000a\000p\000h\000e\000n\000m\000o\000d\000e\000l\000l\000i\000e\000r\000u\000n\000g\000\040\000v\000o\000n\000\040\000Z\000e\000i\000l\000e\000n}{subsection.8.6}% 83
\BOOKMARK [3][-]{subsubsection.8.6.2}{\376\377\000Z\000e\000i\000l\000e\000n\000w\000e\000c\000h\000s\000e\000l\000\040\000m\000i\000t\000\040\000W\000o\000r\000t\000t\000r\000e\000n\000n\000u\000n\000g\000e\000n}{subsection.8.6}% 84
\BOOKMARK [3][-]{subsubsection.8.6.3}{\376\377\000S\000e\000i\000t\000e\000n\000f\000a\000l\000l\000\040\000u\000n\000d\000\040\000F\000a\000k\000s\000i\000m\000i\000l\000e\000z\000\344\000h\000l\000u\000n\000g}{subsection.8.6}% 85
\BOOKMARK [3][-]{subsubsection.8.6.4}{\376\377\000A\000b\000s\000\344\000t\000z\000e}{subsection.8.6}% 86
\BOOKMARK [3][-]{subsubsection.8.6.5}{\376\377\000K\000a\000p\000i\000t\000e\000l\000e\000i\000n\000t\000e\000i\000l\000u\000n\000g}{subsection.8.6}% 87
\BOOKMARK [2][-]{subsection.8.7}{\376\377\000E\000d\000i\000t\000o\000r\000i\000s\000c\000h\000e\000\040\000E\000i\000n\000g\000r\000i\000f\000f\000e}{section.8}% 88
\BOOKMARK [3][-]{subsubsection.8.7.1}{\376\377\000H\000i\000n\000z\000u\000f\000\374\000g\000u\000n\000g\000e\000n\000\040\000u\000n\000d\000\040\000T\000i\000l\000g\000u\000n\000g\000e\000n}{subsection.8.7}% 89
\BOOKMARK [3][-]{subsubsection.8.7.2}{\376\377\000<\000a\000d\000d\000>\000-\000E\000l\000e\000m\000e\000n\000t}{subsection.8.7}% 90
\BOOKMARK [3][-]{subsubsection.8.7.3}{\376\377\000U\000m\000b\000a\000u\000\040\000v\000o\000n\000\040\000<\000a\000d\000d\000>\000-\000\040\000u\000n\000d\000\040\000<\000d\000e\000l\000>\000-\000E\000l\000e\000m\000e\000n\000t\000e\000n\000\040\000i\000n\000\040\000e\000i\000n\000e\000r\000\040\000<\000s\000u\000b\000s\000t\000>\000-\000U\000m\000g\000e\000b\000u\000n\000g}{subsection.8.7}% 91
\BOOKMARK [2][-]{subsection.8.8}{\376\377\000Z\000u\000s\000a\000m\000m\000e\000n\000f\000a\000s\000s\000u\000n\000g}{section.8}% 92
\BOOKMARK [2][-]{subsection.8.9}{\376\377\000[\000\136\0007\0000\000f\0005\000]\000:\000\040\000G\000o\000t\000t\000h\000i\000l\000f\000\040\000P\000a\000t\000z\000i\000g\000:\000\040\000V\000o\000r\000t\000r\000\344\000g\000e\000\040\000\374\000b\000e\000r\000\040\000p\000h\000y\000s\000i\000s\000c\000h\000e\000\040\000G\000e\000o\000g\000r\000a\000p\000h\000i\000e\000\040\000d\000e\000s\000\040\000F\000r\000e\000i\000h\000e\000r\000r\000n\000\040\000A\000l\000e\000x\000a\000n\000d\000e\000r\000\040\000v\000o\000n\000\040\000H\000u\000m\000b\000o\000l\000d\000:\000\040\000g\000e\000h\000a\000l\000t\000e\000n\000\040\000i\000m\000\040\000g\000r\000o\000\337\000e\000n\000\040\000H\000\366\000r\000s\000a\000a\000l\000e\000\040\000d\000e\000s\000\040\000U\000n\000i\000v\000e\000r\000s\000i\000t\000\344\000t\000s\000-\000G\000e\000b\000\344\000u\000d\000e\000s\000\040\000z\000u\000\040\000B\000e\000r\000l\000i\000n\000\040\000i\000m\000\040\000W\000i\000n\000t\000e\000r\000s\000e\000m\000e\000s\000t\000e\000r\000\040\0001\0008\0002\0007\000/\0002\0008\000\040\000v\000o\000m\000\040\0003\000t\000e\000n\000\040\000N\000o\000v\000b\000r\000.\000\040\0001\0008\0002\0007\000.\000\040\000b\000i\000s\000\040\0002\0006\000\040\000A\000p\000r\000i\000l\000\040\0001\0008\0002\0008\000.\000\040\000A\000u\000s\000\040\000s\000c\000h\000r\000i\000f\000t\000l\000i\000c\000h\000e\000n\000\040\000N\000o\000t\000i\000z\000e\000n\000\040\000n\000a\000c\000h\000\040\000j\000e\000d\000e\000m\000\040\000V\000o\000r\000t\000r\000a\000g\000e\000\040\000z\000u\000s\000a\000m\000m\000e\000n\000g\000e\000s\000t\000e\000l\000l\000t\000\040\000v\000o\000m\000\040\000R\000e\000c\000h\000n\000u\000n\000g\000s\000r\000a\000t\000h\000\040\000G\000o\000t\000t\000h\000i\000l\000f\000\040\000F\000r\000i\000e\000d\000r\000i\000c\000h\000\040\000P\000a\000t\000z\000i\000g\000.\000\040\000B\000e\000r\000l\000i\000n\000\040\0001\0008\0002\0007\000/\0002\0008\000\040\000\050\000=\000\040\000N\000a\000c\000h\000s\000c\000h\000r\000i\000f\000t\000\040\000d\000e\000r\000\040\040\032\000K\000o\000s\000m\000o\000s\000-\000V\000o\000r\000t\000r\000\344\000g\000e\000`\000\040\000A\000l\000e\000x\000a\000n\000d\000e\000r\000\040\000v\000o\000n\000\040\000H\000u\000m\000b\000o\000l\000d\000t\000s\000\040\000i\000n\000\040\000d\000e\000r\000\040\000B\000e\000r\000l\000i\000n\000e\000r\000\040\000U\000n\000i\000v\000e\000r\000s\000i\000t\000\344\000t\000,\000\040\0003\000.\0001\0001\000.\0001\0008\0002\0007\040\023\0002\0006\000.\0004\000.\0001\0008\0002\0008\000\051\000,\000\040\000S\000.\000\040\0009\000.\000\040\000I\000n\000:\000\040\000D\000e\000u\000t\000s\000c\000h\000e\000s\000\040\000T\000e\000x\000t\000a\000r\000c\000h\000i\000v\000.\000\040\000G\000r\000u\000n\000d\000l\000a\000g\000e\000\040\000f\000\374\000r\000\040\000e\000i\000n\000\040\000R\000e\000f\000e\000r\000e\000n\000z\000k\000o\000r\000p\000u\000s\000\040\000d\000e\000r\000\040\000n\000e\000u\000h\000o\000c\000h\000d\000e\000u\000t\000s\000c\000h\000e\000n\000\040\000S\000p\000r\000a\000c\000h\000e\000.\000\040\000H\000e\000r\000a\000u\000s\000g\000e\000g\000e\000b\000e\000n\000\040\000v\000o\000n\000\040\000d\000e\000r\000\040\000B\000e\000r\000l\000i\000n\000-\000B\000r\000a\000n\000d\000e\000n\000b\000u\000r\000g\000i\000s\000c\000h\000e\000n\000\040\000A\000k\000a\000d\000e\000m\000i\000e\000\040\000d\000e\000r\000\040\000W\000i\000s\000s\000e\000n\000s\000c\000h\000a\000f\000t\000e\000n\000,\000\040\000B\000e\000r\000l\000i\000n\000\040\0002\0000\0000\0007\040\023\0002\0000\0001\0009\000.\000\040\000h\000t\000t\000p\000:\000/\000/\000w\000w\000w\000.\000d\000e\000u\000t\000s\000c\000h\000e\000s\000t\000e\000x\000t\000a\000r\000c\000h\000i\000v\000.\000d\000e\000/\000p\000a\000t\000z\000i\000g\000\137\000m\000s\000g\000e\000r\000m\000f\000o\000l\0008\0004\0001\0008\0004\0002\000\137\0001\0008\0002\0008\000/\0001\0003\000.}{section.8}% 93
\BOOKMARK [1][-]{section.9}{\376\377\000J\000S\000O\000N\000\040\000I\000m\000p\000o\000r\000t\000\040\000m\000i\000t\000\040\000d\000e\000n\000\040\000D\000a\000t\000e\000n\000\040\000d\000e\000r\000\040\000G\000e\000r\000m\000a\000n\000i\000a\000\040\000S\000a\000c\000r\000a}{}% 94
\BOOKMARK [2][-]{subsection.9.1}{\376\377\000D\000a\000s\000\040\000P\000r\000o\000j\000e\000k\000t\000\040\000G\000e\000r\000m\000a\000n\000i\000a\000\040\000S\000a\000c\000r\000a}{section.9}% 95
\BOOKMARK [2][-]{subsection.9.2}{\376\377\000G\000e\000r\000m\000a\000n\000i\000a\000\040\000S\000a\000c\000r\000a\000\040\000J\000S\000O\000N}{section.9}% 96
\BOOKMARK [3][-]{subsubsection.9.2.1}{\376\377\000P\000e\000r\000s\000o\000n\000e\000n}{subsection.9.2}% 97
\BOOKMARK [3][-]{subsubsection.9.2.2}{\376\377\000K\000l\000\366\000s\000t\000e\000r}{subsection.9.2}% 98
\BOOKMARK [2][-]{subsection.9.3}{\376\377\000Z\000u\000s\000a\000m\000m\000e\000n\000f\000a\000s\000s\000u\000n\000g}{section.9}% 99
\BOOKMARK [2][-]{subsection.9.4}{\376\377\000[\000\136\000c\0008\0006\0006\000]\000:\000\040\000D\000e\000r\000\040\000i\000n\000\040\000d\000i\000e\000s\000e\000m\000\040\000K\000a\000p\000i\000t\000e\000l\000\040\000v\000e\000r\000w\000e\000n\000d\000e\000t\000e\000\040\000j\000s\000o\000n\000-\000D\000u\000m\000p\000\040\000w\000u\000r\000d\000e\000\040\000f\000r\000e\000u\000n\000d\000l\000i\000c\000h\000e\000r\000w\000e\000i\000s\000e\000\040\000d\000i\000r\000e\000k\000t\000\040\000v\000o\000m\000\040\000P\000r\000o\000j\000e\000k\000t\000\040\000G\000e\000r\000m\000a\000n\000i\000a\000\040\000S\000a\000c\000r\000a\000\040\000z\000u\000r\000\040\000V\000e\000r\000f\000\374\000g\000u\000n\000g\000\040\000g\000e\000s\000t\000e\000l\000l\000t\000\040\000u\000n\000d\000\040\000d\000i\000e\000\040\000V\000e\000r\000w\000e\000n\000d\000u\000n\000g\000\040\000i\000n\000\040\000d\000i\000e\000s\000e\000r\000\040\000V\000e\000r\000\366\000f\000f\000e\000n\000t\000l\000i\000c\000h\000u\000n\000g\000\040\000s\000o\000w\000i\000e\000\040\000d\000i\000e\000\040\000w\000e\000i\000t\000e\000r\000e\000\040\000V\000e\000r\000w\000e\000n\000d\000u\000n\000g\000\040\000g\000e\000n\000e\000h\000m\000i\000g\000t\000.}{section.9}% 100
\BOOKMARK [1][-]{section.10}{\376\377\000N\000e\000t\000z\000w\000e\000r\000k\000a\000n\000a\000l\000y\000s\000e\000\040\000m\000i\000t\000\040\000n\000e\000o\0004\000j}{}% 101
\BOOKMARK [2][-]{subsection.10.1}{\376\377\000G\000r\000u\000n\000d\000l\000a\000g\000e\000n\000\040\000z\000u\000r\000\040\000N\000e\000t\000z\000w\000e\000r\000k\000a\000n\000a\000l\000y\000s\000e}{section.10}% 102
\BOOKMARK [3][-]{subsubsection.10.1.1}{\376\377\000V\000o\000r\000b\000e\000m\000e\000r\000k\000u\000n\000g\000e\000n}{subsection.10.1}% 103
\BOOKMARK [3][-]{subsubsection.10.1.2}{\376\377\000\334\000b\000e\000r\000b\000l\000i\000c\000k\000\040\000z\000u\000\040\000d\000e\000n\000\040\000N\000e\000t\000z\000w\000e\000r\000k\000m\000a\000\337\000e\000n}{subsection.10.1}% 104
\BOOKMARK [3][-]{subsubsection.10.1.3}{\376\377\000B\000e\000i\000s\000p\000i\000e\000l\000:\000\040\000Z\000e\000n\000t\000r\000a\000l\000i\000t\000\344\000t\000s\000m\000a\000\337\000e}{subsection.10.1}% 105
\BOOKMARK [2][-]{subsection.10.2}{\376\377\000D\000i\000e\000\040\000R\000e\000g\000i\000s\000t\000e\000r\000\040\000d\000e\000r\000\040\000R\000e\000g\000e\000s\000t\000a\000\040\000I\000m\000p\000e\000r\000i\000i}{section.10}% 106
\BOOKMARK [2][-]{subsection.10.3}{\376\377\000E\000x\000p\000l\000o\000r\000a\000t\000i\000v\000e\000\040\000D\000a\000t\000e\000n\000a\000n\000a\000l\000y\000s\000e\000\040\000o\000d\000e\000r\000\040\000w\000a\000s\000\040\000i\000s\000t\000\040\000i\000n\000\040\000d\000e\000r\000\040\000D\000a\000t\000e\000n\000b\000a\000n\000k}{section.10}% 107
\BOOKMARK [2][-]{subsection.10.4}{\376\377\000Z\000e\000n\000t\000r\000a\000l\000i\000t\000\344\000t\000s\000a\000l\000g\000o\000r\000i\000t\000h\000m\000e\000n\000\040\000i\000n\000\040\000d\000e\000r\000\040\000h\000i\000s\000t\000o\000r\000i\000s\000c\000h\000e\000n\000\040\000N\000e\000t\000z\000w\000e\000r\000k\000a\000n\000a\000l\000y\000s\000e}{section.10}% 108
\BOOKMARK [3][-]{subsubsection.10.4.1}{\376\377\000P\000a\000g\000e\000R\000a\000n\000k}{subsection.10.4}% 109
\BOOKMARK [3][-]{subsubsection.10.4.2}{\376\377\000D\000e\000g\000r\000e\000e\000\040\000C\000e\000n\000t\000r\000a\000l\000i\000t\000y}{subsection.10.4}% 110
\BOOKMARK [3][-]{subsubsection.10.4.3}{\376\377\000B\000e\000t\000w\000e\000e\000n\000e\000s\000\040\000C\000e\000n\000t\000r\000a\000l\000i\000t\000y}{subsection.10.4}% 111
\BOOKMARK [3][-]{subsubsection.10.4.4}{\376\377\000C\000l\000o\000s\000e\000n\000e\000s\000s\000\040\000C\000e\000n\000t\000r\000a\000l\000i\000t\000y}{subsection.10.4}% 112
\BOOKMARK [2][-]{subsection.10.5}{\376\377\000C\000o\000m\000m\000u\000n\000i\000t\000y\000\040\000D\000e\000t\000e\000c\000t\000i\000o\000n\000\040\000A\000l\000g\000o\000r\000i\000t\000h\000m\000e\000n}{section.10}% 113
\BOOKMARK [3][-]{subsubsection.10.5.1}{\376\377\000S\000t\000r\000o\000n\000g\000l\000y\000\040\000C\000o\000n\000n\000e\000c\000t\000e\000d\000\040\000C\000o\000m\000p\000o\000n\000e\000n\000t\000s}{subsection.10.5}% 114
\BOOKMARK [3][-]{subsubsection.10.5.2}{\376\377\000W\000e\000a\000k\000l\000y\000\040\000C\000o\000n\000n\000e\000c\000t\000e\000d\000\040\000C\000o\000m\000p\000o\000n\000e\000n\000t\000s}{subsection.10.5}% 115
\BOOKMARK [3][-]{subsubsection.10.5.3}{\376\377\000L\000a\000b\000e\000l\000\040\000P\000r\000o\000p\000a\000g\000a\000t\000i\000o\000n}{subsection.10.5}% 116
\BOOKMARK [3][-]{subsubsection.10.5.4}{\376\377\000L\000o\000u\000v\000a\000i\000n\000\040\000M\000o\000d\000u\000l\000a\000r\000i\000t\000y}{subsection.10.5}% 117
\BOOKMARK [3][-]{subsubsection.10.5.5}{\376\377\000T\000r\000i\000a\000n\000g\000l\000e\000\040\000c\000o\000u\000n\000t\000\040\000a\000n\000d\000\040\000C\000l\000u\000s\000t\000e\000r\000i\000n\000g\000\040\000C\000o\000e\000f\000f\000i\000c\000i\000e\000n\000t}{subsection.10.5}% 118
\BOOKMARK [2][-]{subsection.10.6}{\376\377\000Z\000u\000s\000a\000m\000m\000e\000n\000f\000a\000s\000s\000u\000n\000g}{section.10}% 119
\BOOKMARK [2][-]{subsection.10.7}{\376\377\000[\000\136\0009\0009\0008\000a\000]\000:\000\040\000Z\000u\000\040\000P\000a\000g\000e\000R\000a\000n\000k\000\040\000v\000g\000l\000.\000\040\000h\000t\000t\000p\000s\000:\000/\000/\000d\000e\000.\000w\000i\000k\000i\000p\000e\000d\000i\000a\000.\000o\000r\000g\000/\000w\000i\000k\000i\000/\000P\000a\000g\000e\000R\000a\000n\000k\000.}{section.10}% 120
\BOOKMARK [1][-]{section.11}{\376\377\000Z\000u\000s\000a\000m\000m\000e\000n\000f\000a\000s\000s\000u\000n\000g}{}% 121
\BOOKMARK [2][-]{subsection.11.1}{\376\377\000S\000o\000\040\000g\000e\000l\000i\000n\000g\000t\000\040\000e\000s\000\040\000i\000n\000\040\000d\000e\000n\000\040\000d\000i\000g\000i\000t\000a\000l\000e\000n\000\040\000G\000e\000i\000s\000t\000e\000s\000w\000i\000s\000s\000e\000n\000s\000c\000h\000a\000f\000t\000e\000n\000\040\000m\000i\000t\000\040\000d\000e\000m\000\040\000G\000r\000a\000p\000h\000e\000n\000m\000o\000d\000e\000l\000l\000\040\000b\000e\000i\000\040\000d\000e\000r\000\040\000M\000o\000d\000e\000l\000l\000i\000e\000r\000u\000n\000g\000\040\000u\000n\000d\000\040\000S\000t\000r\000u\000k\000t\000u\000r\000i\000e\000r\000u\000n\000g\000\040\000v\000o\000n\000\040\000F\000o\000r\000s\000c\000h\000u\000n\000g\000s\000d\000a\000t\000e\000n\000\040\000u\000n\000d\000\040\000F\000o\000r\000s\000c\000h\000u\000n\000g\000s\000f\000r\000a\000g\000e\000s\000t\000e\000l\000l\000u\000n\000g\000\040\000d\000i\000e\000\040\000K\000l\000u\000f\000t\000\040\000z\000w\000i\000s\000c\000h\000e\000n\000\040\000I\000n\000f\000o\000r\000m\000a\000t\000i\000k\000e\000r\000\040\000u\000n\000d\000\040\000G\000e\000i\000s\000t\000e\000s\000w\000i\000s\000s\000e\000n\000s\000c\000h\000a\000f\000t\000l\000e\000r\000\040\000z\000u\000\040\000s\000c\000h\000l\000i\000e\000\337\000e\000n\000,\000\040\000d\000a\000\040\000d\000e\000r\000\040\000G\000r\000a\000p\000h\000\040\000e\000i\000n\000e\000\040\000f\000\374\000r\000\040\000b\000e\000i\000d\000e\000\040\000S\000e\000i\000t\000e\000n\000\040\000v\000e\000r\000s\000t\000\344\000n\000d\000l\000i\000c\000h\000e\000\040\000P\000l\000a\000t\000t\000f\000o\000r\000m\000\040\000b\000i\000e\000t\000e\000t\000.\000\040\000F\000\374\000r\000\040\000d\000e\000n\000\040\000I\000n\000f\000o\000r\000m\000a\000t\000i\000k\000e\000r\000\040\000i\000s\000t\000\040\000e\000r\000\040\000h\000i\000n\000r\000e\000i\000c\000h\000e\000n\000d\000\040\000g\000e\000n\000a\000u\000\040\000u\000n\000d\000\040\000b\000e\000r\000e\000c\000h\000e\000n\000b\000a\000r\000\040\000u\000n\000d\000\040\000f\000\374\000r\000\040\000d\000e\000n\000\040\000G\000e\000i\000s\000t\000e\000s\000w\000i\000s\000s\000e\000n\000s\000c\000h\000a\000f\000t\000e\000r\000\040\000w\000e\000g\000e\000n\000\040\000s\000e\000i\000n\000e\000r\000\040\000S\000c\000h\000e\000m\000a\000-\000\040\000u\000n\000d\000\040\000H\000i\000e\000r\000a\000r\000c\000h\000i\000e\000f\000r\000e\000i\000h\000e\000i\000t\000\040\000a\000u\000s\000r\000e\000i\000c\000h\000e\000n\000d\000\040\000f\000l\000e\000x\000i\000b\000e\000l\000.\000\040\000G\000e\000r\000a\000d\000e\000\040\000d\000i\000e\000s\000e\000\040\000E\000i\000g\000e\000n\000s\000c\000h\000a\000f\000t\000e\000n\000,\000\040\000m\000i\000t\000\040\000d\000e\000n\000e\000n\000\040\000s\000i\000c\000h\000\040\000d\000i\000e\000\040\000b\000e\000i\000d\000e\000n\000\040\000z\000e\000n\000t\000r\000a\000l\000e\000n\000\040\000Z\000w\000e\000i\000g\000e\000\040\000d\000e\000r\000\040\000D\000i\000g\000i\000t\000a\000l\000e\000n\000\040\000G\000e\000i\000s\000t\000e\000s\000w\000i\000s\000s\000e\000n\000s\000c\000h\000a\000f\000t\000e\000n\000\040\000v\000e\000r\000e\000i\000n\000e\000n\000\040\000l\000a\000s\000s\000e\000n\000,\000\040\000m\000a\000c\000h\000e\000n\000\040\000G\000r\000a\000p\000h\000e\000n\000\040\000z\000u\000\040\000e\000i\000n\000e\000m\000\040\000S\000c\000h\000l\000\374\000s\000s\000e\000l\000k\000o\000n\000z\000e\000p\000t\000\040\000d\000e\000r\000\040\000G\000e\000i\000s\000t\000e\000s\000w\000i\000s\000s\000e\000n\000s\000c\000h\000a\000f\000t\000e\000n\000\040\000d\000e\000s\000\040\0002\0001\000.\000\040\000J\000a\000h\000r\000h\000u\000n\000d\000e\000r\000t\000s\000.}{section.11}% 122
\BOOKMARK [1][-]{section.12}{\376\377\000A\000n\000h\000a\000n\000g}{}% 123
\BOOKMARK [2][-]{subsection.12.1}{\376\377\000c\000y\000p\000h\000e\000r\000-\000D\000o\000k\000u\000m\000e\000n\000t\000a\000t\000i\000o\000n}{section.12}% 124
\BOOKMARK [2][-]{subsection.12.2}{\376\377\000A\000n\000a\000l\000y\000s\000e\000\040\000d\000e\000r\000\040\000G\000r\000a\000p\000h\000d\000a\000t\000e\000n}{section.12}% 125
\BOOKMARK [3][-]{subsubsection.12.2.1}{\376\377\000W\000e\000l\000c\000h\000e\000\040\000u\000n\000d\000\040\000j\000e\000w\000e\000i\000l\000s\000\040\000w\000i\000e\000v\000i\000e\000l\000e\000\040\000K\000n\000o\000t\000e\000n\000\040\000e\000n\000t\000h\000\344\000l\000t\000\040\000d\000i\000e\000\040\000D\000a\000t\000e\000n\000b\000a\000n\000k}{subsection.12.2}% 126
\BOOKMARK [3][-]{subsubsection.12.2.2}{\376\377\000W\000e\000l\000c\000h\000e\000\040\000V\000e\000r\000k\000n\000\374\000p\000f\000u\000n\000g\000e\000n\000\040\000g\000i\000b\000t\000\040\000e\000s\000\040\000i\000n\000\040\000d\000e\000r\000\040\000D\000a\000t\000e\000n\000b\000a\000n\000k\000\040\000u\000n\000d\000\040\000w\000i\000e\000\040\000h\000\344\000u\000f\000i\000g\000\040\000s\000i\000n\000d\000\040\000s\000i\000e}{subsection.12.2}% 127
\BOOKMARK [3][-]{subsubsection.12.2.3}{\376\377\000W\000e\000l\000c\000h\000e\000\040\000K\000n\000o\000t\000e\000n\000\040\000h\000a\000b\000e\000n\000\040\000k\000e\000i\000n\000e\000\040\000K\000a\000n\000t\000e\000n}{subsection.12.2}% 128
\BOOKMARK [2][-]{subsection.12.3}{\376\377\000W\000e\000i\000t\000e\000r\000e\000\040\000L\000a\000b\000e\000l\000s\000\040\000f\000\374\000r\000\040\000e\000i\000n\000e\000n\000\040\000K\000n\000o\000t\000e\000n}{section.12}% 129
\BOOKMARK [2][-]{subsection.12.4}{\376\377\000C\000S\000V\000-\000F\000e\000l\000d\000\040\000e\000n\000t\000h\000\344\000l\000t\000\040\000m\000e\000h\000r\000e\000r\000e\000\040\000W\000e\000r\000t\000e}{section.12}% 130
\BOOKMARK [2][-]{subsection.12.5}{\376\377\000R\000e\000g\000l\000u\000\344\000r\000e\000\040\000A\000u\000s\000d\000r\000\374\000c\000k\000e}{section.12}% 131
\BOOKMARK [2][-]{subsection.12.6}{\376\377\000V\000o\000r\000k\000o\000m\000m\000e\000n\000d\000e\000\040\000W\000\366\000r\000t\000e\000r\000\040\000i\000n\000\040\000e\000i\000n\000e\000r\000\040\000T\000e\000x\000t\000p\000r\000o\000p\000e\000r\000t\000y\000\040\000z\000\344\000h\000l\000e\000n}{section.12}% 132
\BOOKMARK [2][-]{subsection.12.7}{\376\377\000M\000E\000R\000G\000E\000\040\000s\000c\000h\000l\000\344\000g\000t\000\040\000f\000e\000h\000l\000\040\000d\000a\000\040\000e\000i\000n\000e\000\040\000P\000r\000o\000p\000e\000r\000t\000y\000\040\000N\000U\000L\000L\000\040\000i\000s\000t}{section.12}% 133
\BOOKMARK [2][-]{subsection.12.8}{\376\377\000D\000e\000r\000\040\000W\000I\000T\000H\000-\000B\000e\000f\000e\000h\000l}{section.12}% 134
\BOOKMARK [2][-]{subsection.12.9}{\376\377\000K\000n\000o\000t\000e\000n\000\040\000h\000a\000t\000\040\000b\000e\000s\000t\000i\000m\000m\000t\000e\000\040\000K\000a\000n\000t\000e\000\040\000n\000i\000c\000h\000t}{section.12}% 135
\BOOKMARK [2][-]{subsection.12.10}{\376\377\000H\000\344\000u\000f\000i\000g\000k\000e\000i\000t\000\040\000v\000o\000n\000\040\000W\000o\000r\000t\000k\000e\000t\000t\000e\000n}{section.12}% 136
\BOOKMARK [2][-]{subsection.12.11}{\376\377\000L\000i\000s\000t\000e\000\040\000v\000o\000n\000\040\000B\000r\000i\000e\000f\000k\000n\000o\000t\000e\000n\000\040\000n\000a\000c\000h\000\040\000D\000a\000t\000u\000m\000\040\000v\000e\000r\000k\000e\000t\000t\000e\000n}{section.12}% 137
\BOOKMARK [2][-]{subsection.12.12}{\376\377\000D\000i\000e\000\040\000A\000p\000o\000c\000-\000B\000i\000b\000l\000i\000o\000t\000h\000e\000k}{section.12}% 138
\BOOKMARK [3][-]{subsubsection.12.12.1}{\376\377\000I\000n\000s\000t\000a\000l\000l\000a\000t\000i\000o\000n\000\040\000i\000n\000\040\000n\000e\000o\0004\000j}{subsection.12.12}% 139
\BOOKMARK [3][-]{subsubsection.12.12.2}{\376\377\000I\000n\000s\000t\000a\000l\000l\000a\000t\000i\000o\000n\000\040\000u\000n\000t\000e\000r\000\040\000n\000e\000o\0004\000j\000-\000D\000e\000s\000k\000t\000o\000p}{subsection.12.12}% 140
\BOOKMARK [3][-]{subsubsection.12.12.3}{\376\377\000L\000i\000s\000t\000e\000\040\000a\000l\000l\000e\000r\000\040\000F\000u\000n\000k\000t\000i\000o\000n\000e\000n}{subsection.12.12}% 141
\BOOKMARK [3][-]{subsubsection.12.12.4}{\376\377\000D\000o\000k\000u\000m\000e\000n\000t\000a\000t\000i\000o\000n\000\040\000a\000l\000l\000e\000r\000\040\000F\000u\000n\000k\000t\000i\000o\000n\000e\000n}{subsection.12.12}% 142
\BOOKMARK [2][-]{subsection.12.13}{\376\377\000a\000p\000o\000c\000.\000x\000m\000l\000.\000i\000m\000p\000o\000r\000t}{section.12}% 143
\BOOKMARK [2][-]{subsection.12.14}{\376\377\000\050\000a\000p\000o\000c\000.\000l\000o\000a\000d\000.\000j\000s\000o\000n\000\051}{section.12}% 144
